<?xml version="1.0" encoding="UTF-8"?>
<!-- Generated by org.testng.reporters.JUnitReportReporter -->
<testsuite hostname="LAPTOP-V37MQ6A3" failures="0" tests="2" name="Maven.Maven_practice.AppiumTest" time="0.003" errors="0" timestamp="13 Jul 2021 18:58:16 GMT" skipped="0">
  <testcase classname="Maven.Maven_practice.AppiumTest" name="BrowserTest" time="0.002"/>
  <testcase classname="Maven.Maven_practice.AppiumTest" name="UrlTest" time="0.001"/>
</testsuite> <!-- Maven.Maven_practice.AppiumTest -->
